2013-11-17 16:12:59 Notice: Notice (8): Undefined index: name in [/home/vincent/workspace/zufang/app/views/compounds/index.ctp, line 122]
2013-11-17 16:15:18 Notice: Notice (8): Undefined index: name in [/home/vincent/workspace/zufang/app/libs/function_core.php, line 214]
2013-11-17 16:15:27 Notice: Notice (8): Undefined index: name in [/home/vincent/workspace/zufang/app/libs/function_core.php, line 214]
2013-11-17 16:17:44 Notice: Notice (8): Undefined index: name in [/home/vincent/workspace/zufang/app/libs/function_core.php, line 214]
2013-11-17 16:18:06 Notice: Notice (8): Undefined index: name in [/home/vincent/workspace/zufang/app/libs/function_core.php, line 214]
2013-11-17 17:40:50 Notice: Notice (8): Undefined index: name in [/home/vincent/workspace/zufang/app/views/compounds/index.ctp, line 122]
2013-11-17 17:45:28 Notice: Notice (8): Undefined index: name in [/home/vincent/workspace/zufang/app/views/compounds/index.ctp, line 122]
2013-11-17 17:57:50 Notice: Notice (8): Undefined index: name in [/home/vincent/workspace/zufang/app/views/compounds/index.ctp, line 122]
2013-11-17 17:57:53 Notice: Notice (8): Undefined index: name in [/home/vincent/workspace/zufang/app/views/compounds/index.ctp, line 122]
2013-11-17 17:57:54 Notice: Notice (8): Undefined index: name in [/home/vincent/workspace/zufang/app/views/compounds/index.ctp, line 122]
2013-11-17 18:00:46 Notice: Notice (8): Undefined index: name in [/home/vincent/workspace/zufang/app/views/compounds/index.ctp, line 122]
2013-11-17 18:14:30 Notice: Notice (8): Undefined index: name in [/home/vincent/workspace/zufang/app/views/compounds/index.ctp, line 122]
2013-11-17 18:15:22 Notice: Notice (8): Undefined index: name in [/home/vincent/workspace/zufang/app/views/compounds/index.ctp, line 122]
2013-11-17 18:26:57 Notice: Notice (8): Undefined index: name in [/home/vincent/workspace/zufang/app/views/compounds/index.ctp, line 122]
2013-11-17 19:39:28 Notice: Notice (8): Undefined index: name in [/home/vincent/workspace/zufang/app/views/compounds/index.ctp, line 122]
2013-11-17 19:39:32 Notice: Notice (8): Undefined index: name in [/home/vincent/workspace/zufang/app/views/compounds/index.ctp, line 122]
2013-11-17 19:39:57 Notice: Notice (8): Undefined index: name in [/home/vincent/workspace/zufang/app/libs/function_core.php, line 214]
2013-11-17 19:40:01 Notice: Notice (8): Undefined index: name in [/home/vincent/workspace/zufang/app/views/compounds/index.ctp, line 122]
2013-11-17 19:40:08 Notice: Notice (8): Undefined index: name in [/home/vincent/workspace/zufang/app/libs/function_core.php, line 214]
2013-11-17 19:45:49 Notice: Notice (8): Undefined index: name in [/home/vincent/workspace/zufang/app/libs/function_core.php, line 214]
2013-11-17 19:49:05 Notice: Notice (8): Undefined index: name in [/home/vincent/workspace/zufang/app/libs/function_core.php, line 214]
2013-11-17 19:51:47 Notice: Notice (8): Undefined index: name in [/home/vincent/workspace/zufang/app/views/compounds/index.ctp, line 122]
2013-11-17 19:51:48 Notice: Notice (8): Undefined index: name in [/home/vincent/workspace/zufang/app/views/compounds/index.ctp, line 122]
2013-11-17 19:51:51 Notice: Notice (8): Undefined index: name in [/home/vincent/workspace/zufang/app/views/compounds/index.ctp, line 122]
2013-11-17 19:51:54 Notice: Notice (8): Undefined index: name in [/home/vincent/workspace/zufang/app/views/compounds/index.ctp, line 122]
2013-11-17 20:38:01 Notice: Notice (8): Undefined index: name in [/home/vincent/workspace/zufang/app/views/compounds/index.ctp, line 122]
2013-11-17 20:38:19 Notice: Notice (8): Undefined index: name in [/home/vincent/workspace/zufang/app/views/compounds/index.ctp, line 122]
2013-11-17 20:38:26 Notice: Notice (8): Undefined index: name in [/home/vincent/workspace/zufang/app/views/compounds/index.ctp, line 122]
2013-11-17 20:38:33 Notice: Notice (8): Undefined index: name in [/home/vincent/workspace/zufang/app/views/compounds/index.ctp, line 122]
2013-11-17 20:41:25 Notice: Notice (8): Undefined index: name in [/home/vincent/workspace/zufang/app/views/schools/index.ctp, line 130]
2013-11-17 20:41:59 Notice: Notice (8): Undefined index: name in [/home/vincent/workspace/zufang/app/views/compounds/index.ctp, line 122]
2013-11-17 21:10:08 Notice: Notice (8): Undefined index: name in [/home/vincent/workspace/zufang/app/views/compounds/index.ctp, line 122]
2013-11-17 21:10:15 Notice: Notice (8): Undefined index: name in [/home/vincent/workspace/zufang/app/libs/function_core.php, line 214]
2013-11-17 21:10:29 Notice: Notice (8): Undefined index: name in [/home/vincent/workspace/zufang/app/libs/function_core.php, line 214]
2013-11-17 21:11:11 Notice: Notice (8): Undefined index: name in [/home/vincent/workspace/zufang/app/views/compounds/index.ctp, line 122]
2013-11-17 21:11:18 Notice: Notice (8): Undefined index: name in [/home/vincent/workspace/zufang/app/views/compounds/index.ctp, line 122]
2013-11-17 21:11:23 Notice: Notice (8): Undefined index: name in [/home/vincent/workspace/zufang/app/views/compounds/index.ctp, line 122]
2013-11-17 21:16:48 Notice: Notice (8): Undefined index: name in [/home/vincent/workspace/zufang/app/views/schools/index.ctp, line 130]
2013-11-17 21:16:55 Notice: Notice (8): Undefined index: name in [/home/vincent/workspace/zufang/app/views/schools/index.ctp, line 130]
2013-11-17 21:17:03 Notice: Notice (8): Undefined index: name in [/home/vincent/workspace/zufang/app/views/compounds/index.ctp, line 122]
2013-11-17 21:18:10 Notice: Notice (8): Undefined index: name in [/home/vincent/workspace/zufang/app/views/compounds/index.ctp, line 122]
2013-11-17 21:18:21 Notice: Notice (8): Undefined index: name in [/home/vincent/workspace/zufang/app/views/compounds/index.ctp, line 122]
2013-11-17 21:18:27 Notice: Notice (8): Undefined index: name in [/home/vincent/workspace/zufang/app/libs/function_core.php, line 214]
2013-11-17 21:20:00 Notice: Notice (8): Undefined index: name in [/home/vincent/workspace/zufang/app/libs/function_core.php, line 214]
2013-11-17 21:20:55 Notice: Notice (8): Undefined index: name in [/home/vincent/workspace/zufang/app/views/compounds/index.ctp, line 122]
2013-11-17 21:22:24 Notice: Notice (8): Undefined index: name in [/home/vincent/workspace/zufang/app/views/schools/index.ctp, line 130]
2013-11-17 21:22:50 Notice: Notice (8): Undefined index: name in [/home/vincent/workspace/zufang/app/views/schools/index.ctp, line 130]
2013-11-17 21:22:58 Notice: Notice (8): Undefined index: name in [/home/vincent/workspace/zufang/app/views/schools/index.ctp, line 130]
2013-11-17 21:23:08 Notice: Notice (8): Undefined index: name in [/home/vincent/workspace/zufang/app/views/schools/index.ctp, line 130]
2013-11-17 21:23:11 Notice: Notice (8): Undefined index: name in [/home/vincent/workspace/zufang/app/libs/function_core.php, line 214]
2013-11-17 22:19:30 Notice: Notice (8): Undefined index: name in [/home/vincent/workspace/zufang/app/libs/function_core.php, line 214]
2013-11-19 22:19:42 Notice: Notice (8): Undefined index: Property in [/home/vincent/workspace/zufang/app/controllers/compounds_controller.php, line 293]
2013-11-19 22:19:42 Notice: Notice (8): Undefined index: meta_description in [/home/vincent/workspace/zufang/app/controllers/compounds_controller.php, line 294]
2013-11-19 22:19:42 Notice: Notice (8): Uninitialized string offset: 0 in [/home/vincent/workspace/zufang/app/controllers/compounds_controller.php, line 297]
2013-11-19 22:21:12 Notice: Notice (8): Uninitialized string offset: 0 in [/home/vincent/workspace/zufang/app/controllers/compounds_controller.php, line 297]
2013-11-19 22:21:18 Notice: Notice (8): Uninitialized string offset: 0 in [/home/vincent/workspace/zufang/app/controllers/compounds_controller.php, line 297]
2013-11-19 23:17:09 Notice: Notice (8): Undefined property: PropertiesController::$Compound in [/home/vincent/workspace/zufang/app/controllers/properties_controller.php, line 155]
2013-11-20 00:01:56 Notice: Notice (8): Undefined index: name in [/home/vincent/workspace/zufang/app/views/compounds/index.ctp, line 122]
2013-11-20 00:01:57 Notice: Notice (8): unserialize() [<a href='http://php.net/function.unserialize'>function.unserialize</a>]: Error at offset 4051 of 4085 bytes in [/home/vincent/workspace/zufang/cake/libs/cache/file.php, line 176]
2013-11-20 00:01:57 Notice: Notice (8): unserialize() [<a href='http://php.net/function.unserialize'>function.unserialize</a>]: Error at offset 4051 of 4085 bytes in [/home/vincent/workspace/zufang/cake/libs/cache/file.php, line 176]
2013-11-20 00:01:59 Notice: Notice (8): Undefined index: name in [/home/vincent/workspace/zufang/app/views/compounds/index.ctp, line 122]
2013-11-20 00:02:08 Notice: Notice (8): Undefined index: name in [/home/vincent/workspace/zufang/app/views/compounds/index.ctp, line 122]
2013-11-20 00:02:09 Notice: Notice (8): Undefined index: name in [/home/vincent/workspace/zufang/app/views/compounds/index.ctp, line 122]
2013-11-20 00:07:44 Notice: Notice (8): Undefined index: Area in [/home/vincent/workspace/zufang/app/views/compounds/view.ctp, line 15]
2013-11-20 00:07:48 Notice: Notice (8): Undefined index: Area in [/home/vincent/workspace/zufang/app/views/compounds/view.ctp, line 15]
2013-11-20 12:12:38 Notice: Notice (8): Undefined index: Area in [/home/vincent/workspace/zufang/app/views/compounds/view.ctp, line 15]
2013-11-20 13:30:27 Notice: Notice (8): Undefined index: name_full in [/home/vincent/workspace/zufang/app/views/compounds/admin_index.ctp, line 105]
2013-11-20 13:30:27 Notice: Notice (8): Undefined index: District in [/home/vincent/workspace/zufang/app/views/compounds/admin_index.ctp, line 106]
2013-11-20 13:30:27 Notice: Notice (8): Undefined index: status in [/home/vincent/workspace/zufang/app/views/compounds/admin_index.ctp, line 108]
2013-11-20 13:30:27 Notice: Notice (8): Undefined index: is_alone in [/home/vincent/workspace/zufang/app/views/compounds/admin_index.ctp, line 109]
2013-11-20 13:30:45 Notice: Notice (8): Undefined index: name_full in [/home/vincent/workspace/zufang/app/views/compounds/admin_index.ctp, line 104]
2013-11-20 13:30:45 Notice: Notice (8): Undefined index: District in [/home/vincent/workspace/zufang/app/views/compounds/admin_index.ctp, line 105]
2013-11-20 13:30:45 Notice: Notice (8): Undefined index: status in [/home/vincent/workspace/zufang/app/views/compounds/admin_index.ctp, line 107]
2013-11-20 13:30:45 Notice: Notice (8): Undefined index: is_alone in [/home/vincent/workspace/zufang/app/views/compounds/admin_index.ctp, line 108]
2013-11-20 13:33:40 Notice: Notice (8): Undefined index: name_full in [/home/vincent/workspace/zufang/app/views/compounds/admin_index.ctp, line 104]
2013-11-20 13:33:40 Notice: Notice (8): Undefined index: District in [/home/vincent/workspace/zufang/app/views/compounds/admin_index.ctp, line 105]
2013-11-20 13:33:40 Notice: Notice (8): Undefined index: status in [/home/vincent/workspace/zufang/app/views/compounds/admin_index.ctp, line 107]
2013-11-20 13:33:40 Notice: Notice (8): Undefined index: is_alone in [/home/vincent/workspace/zufang/app/views/compounds/admin_index.ctp, line 108]
2013-11-20 13:34:32 Notice: Notice (8): Undefined variable: old_filter in [/home/vincent/workspace/zufang/app/views/compounds/admin_index.ctp, line 9]
2013-11-20 13:34:32 Notice: Notice (8): Undefined variable: old_filter in [/home/vincent/workspace/zufang/app/views/compounds/admin_index.ctp, line 10]
2013-11-20 13:34:32 Notice: Notice (8): Undefined variable: old_filter in [/home/vincent/workspace/zufang/app/views/compounds/admin_index.ctp, line 11]
2013-11-20 13:34:32 Notice: Notice (8): Undefined variable: old_filter in [/home/vincent/workspace/zufang/app/views/compounds/admin_index.ctp, line 26]
2013-11-20 13:34:32 Notice: Notice (8): Undefined variable: old_filter in [/home/vincent/workspace/zufang/app/views/compounds/admin_index.ctp, line 29]
2013-11-20 13:34:32 Notice: Notice (8): Undefined variable: old_filter in [/home/vincent/workspace/zufang/app/views/compounds/admin_index.ctp, line 32]
2013-11-20 13:34:32 Notice: Notice (8): Undefined variable: old_filter in [/home/vincent/workspace/zufang/app/views/compounds/admin_index.ctp, line 41]
2013-11-20 13:34:32 Notice: Notice (8): Undefined variable: areas in [/home/vincent/workspace/zufang/app/views/compounds/admin_index.ctp, line 43]
2013-11-20 13:34:32 Notice: Notice (8): Undefined variable: old_filter in [/home/vincent/workspace/zufang/app/views/compounds/admin_index.ctp, line 56]
2013-11-20 13:34:32 Notice: Notice (8): Undefined variable: old_filter in [/home/vincent/workspace/zufang/app/views/compounds/admin_index.ctp, line 59]
2013-11-20 13:34:32 Notice: Notice (8): Undefined variable: old_filter in [/home/vincent/workspace/zufang/app/views/compounds/admin_index.ctp, line 62]
2013-11-20 13:34:32 Notice: Notice (8): Undefined index: District in [/home/vincent/workspace/zufang/app/views/compounds/admin_index.ctp, line 105]
2013-11-20 13:34:32 Notice: Notice (8): Undefined index: status in [/home/vincent/workspace/zufang/app/views/compounds/admin_index.ctp, line 107]
2013-11-20 13:34:32 Notice: Notice (8): Undefined index: is_alone in [/home/vincent/workspace/zufang/app/views/compounds/admin_index.ctp, line 108]
2013-11-20 13:34:32 Notice: Notice (8): Undefined index: name_full in [/home/vincent/workspace/zufang/app/views/compounds/admin_index.ctp, line 104]
2013-11-20 13:34:34 Notice: Notice (8): Undefined variable: old_filter in [/home/vincent/workspace/zufang/app/views/compounds/admin_index.ctp, line 9]
2013-11-20 13:34:34 Notice: Notice (8): Undefined variable: old_filter in [/home/vincent/workspace/zufang/app/views/compounds/admin_index.ctp, line 10]
2013-11-20 13:34:34 Notice: Notice (8): Undefined variable: old_filter in [/home/vincent/workspace/zufang/app/views/compounds/admin_index.ctp, line 11]
2013-11-20 13:34:34 Notice: Notice (8): Undefined variable: old_filter in [/home/vincent/workspace/zufang/app/views/compounds/admin_index.ctp, line 26]
2013-11-20 13:34:34 Notice: Notice (8): Undefined variable: old_filter in [/home/vincent/workspace/zufang/app/views/compounds/admin_index.ctp, line 29]
2013-11-20 13:34:34 Notice: Notice (8): Undefined variable: old_filter in [/home/vincent/workspace/zufang/app/views/compounds/admin_index.ctp, line 32]
2013-11-20 13:34:34 Notice: Notice (8): Undefined variable: old_filter in [/home/vincent/workspace/zufang/app/views/compounds/admin_index.ctp, line 41]
2013-11-20 13:34:34 Notice: Notice (8): Undefined variable: areas in [/home/vincent/workspace/zufang/app/views/compounds/admin_index.ctp, line 43]
2013-11-20 13:34:34 Notice: Notice (8): Undefined variable: old_filter in [/home/vincent/workspace/zufang/app/views/compounds/admin_index.ctp, line 56]
2013-11-20 13:34:34 Notice: Notice (8): Undefined variable: old_filter in [/home/vincent/workspace/zufang/app/views/compounds/admin_index.ctp, line 59]
2013-11-20 13:34:34 Notice: Notice (8): Undefined variable: old_filter in [/home/vincent/workspace/zufang/app/views/compounds/admin_index.ctp, line 62]
2013-11-20 13:34:34 Notice: Notice (8): Undefined index: District in [/home/vincent/workspace/zufang/app/views/compounds/admin_index.ctp, line 105]
2013-11-20 13:34:34 Notice: Notice (8): Undefined index: status in [/home/vincent/workspace/zufang/app/views/compounds/admin_index.ctp, line 107]
2013-11-20 13:34:34 Notice: Notice (8): Undefined index: is_alone in [/home/vincent/workspace/zufang/app/views/compounds/admin_index.ctp, line 108]
2013-11-20 13:34:34 Notice: Notice (8): Undefined index: name_full in [/home/vincent/workspace/zufang/app/views/compounds/admin_index.ctp, line 104]
2013-11-20 13:34:35 Notice: Notice (8): Undefined variable: old_filter in [/home/vincent/workspace/zufang/app/views/compounds/admin_index.ctp, line 9]
2013-11-20 13:34:35 Notice: Notice (8): Undefined variable: old_filter in [/home/vincent/workspace/zufang/app/views/compounds/admin_index.ctp, line 10]
2013-11-20 13:34:35 Notice: Notice (8): Undefined variable: old_filter in [/home/vincent/workspace/zufang/app/views/compounds/admin_index.ctp, line 11]
2013-11-20 13:34:35 Notice: Notice (8): Undefined variable: old_filter in [/home/vincent/workspace/zufang/app/views/compounds/admin_index.ctp, line 26]
2013-11-20 13:34:35 Notice: Notice (8): Undefined variable: old_filter in [/home/vincent/workspace/zufang/app/views/compounds/admin_index.ctp, line 29]
2013-11-20 13:34:35 Notice: Notice (8): Undefined variable: old_filter in [/home/vincent/workspace/zufang/app/views/compounds/admin_index.ctp, line 32]
2013-11-20 13:34:35 Notice: Notice (8): Undefined variable: old_filter in [/home/vincent/workspace/zufang/app/views/compounds/admin_index.ctp, line 41]
2013-11-20 13:34:35 Notice: Notice (8): Undefined variable: areas in [/home/vincent/workspace/zufang/app/views/compounds/admin_index.ctp, line 43]
2013-11-20 13:34:35 Notice: Notice (8): Undefined variable: old_filter in [/home/vincent/workspace/zufang/app/views/compounds/admin_index.ctp, line 56]
2013-11-20 13:34:35 Notice: Notice (8): Undefined variable: old_filter in [/home/vincent/workspace/zufang/app/views/compounds/admin_index.ctp, line 59]
2013-11-20 13:34:35 Notice: Notice (8): Undefined variable: old_filter in [/home/vincent/workspace/zufang/app/views/compounds/admin_index.ctp, line 62]
2013-11-20 13:34:35 Notice: Notice (8): Undefined index: District in [/home/vincent/workspace/zufang/app/views/compounds/admin_index.ctp, line 105]
2013-11-20 13:34:35 Notice: Notice (8): Undefined index: status in [/home/vincent/workspace/zufang/app/views/compounds/admin_index.ctp, line 107]
2013-11-20 13:34:35 Notice: Notice (8): Undefined index: is_alone in [/home/vincent/workspace/zufang/app/views/compounds/admin_index.ctp, line 108]
2013-11-20 13:34:35 Notice: Notice (8): Undefined index: name_full in [/home/vincent/workspace/zufang/app/views/compounds/admin_index.ctp, line 104]
2013-11-20 13:36:19 Notice: Notice (8): Undefined index: name_full in [/home/vincent/workspace/zufang/app/views/compounds/admin_index.ctp, line 104]
2013-11-20 13:36:19 Notice: Notice (8): Undefined index: name in [/home/vincent/workspace/zufang/app/views/compounds/admin_index.ctp, line 105]
2013-11-20 13:36:19 Notice: Notice (8): Undefined index: status in [/home/vincent/workspace/zufang/app/views/compounds/admin_index.ctp, line 107]
2013-11-20 13:36:19 Notice: Notice (8): Undefined index: is_alone in [/home/vincent/workspace/zufang/app/views/compounds/admin_index.ctp, line 108]
2013-11-20 13:36:40 Notice: Notice (8): Undefined index: District in [/home/vincent/workspace/zufang/app/views/compounds/admin_index.ctp, line 105]
2013-11-20 13:36:40 Notice: Notice (8): Undefined index: status in [/home/vincent/workspace/zufang/app/views/compounds/admin_index.ctp, line 107]
2013-11-20 13:36:40 Notice: Notice (8): Undefined index: is_alone in [/home/vincent/workspace/zufang/app/views/compounds/admin_index.ctp, line 108]
2013-11-20 13:36:40 Notice: Notice (8): Undefined index: name_full in [/home/vincent/workspace/zufang/app/views/compounds/admin_index.ctp, line 104]
2013-11-20 13:37:29 Notice: Notice (8): Undefined index: name_full in [/home/vincent/workspace/zufang/app/views/compounds/admin_index.ctp, line 104]
2013-11-20 13:37:29 Notice: Notice (8): Undefined index: name in [/home/vincent/workspace/zufang/app/views/compounds/admin_index.ctp, line 105]
2013-11-20 13:37:29 Notice: Notice (8): Undefined index: status in [/home/vincent/workspace/zufang/app/views/compounds/admin_index.ctp, line 107]
2013-11-20 13:37:29 Notice: Notice (8): Undefined index: is_alone in [/home/vincent/workspace/zufang/app/views/compounds/admin_index.ctp, line 108]
2013-11-20 13:37:42 Notice: Notice (8): Undefined index: name_full in [/home/vincent/workspace/zufang/app/views/compounds/admin_index.ctp, line 104]
2013-11-20 13:37:42 Notice: Notice (8): Undefined index: name in [/home/vincent/workspace/zufang/app/views/compounds/admin_index.ctp, line 105]
2013-11-20 13:37:42 Notice: Notice (8): Undefined index: status in [/home/vincent/workspace/zufang/app/views/compounds/admin_index.ctp, line 107]
2013-11-20 13:37:42 Notice: Notice (8): Undefined index: is_alone in [/home/vincent/workspace/zufang/app/views/compounds/admin_index.ctp, line 108]
2013-11-20 13:38:18 Notice: Notice (8): Undefined index: name_full in [/home/vincent/workspace/zufang/app/views/compounds/admin_index.ctp, line 104]
2013-11-20 13:38:18 Notice: Notice (8): Undefined index: name in [/home/vincent/workspace/zufang/app/views/compounds/admin_index.ctp, line 105]
2013-11-20 13:38:18 Notice: Notice (8): Undefined index: status in [/home/vincent/workspace/zufang/app/views/compounds/admin_index.ctp, line 107]
2013-11-20 13:38:18 Notice: Notice (8): Undefined index: is_alone in [/home/vincent/workspace/zufang/app/views/compounds/admin_index.ctp, line 108]
2013-11-20 13:39:13 Notice: Notice (8): Undefined index: District in [/home/vincent/workspace/zufang/app/views/compounds/admin_index.ctp, line 105]
2013-11-20 13:39:13 Notice: Notice (8): Undefined index: status in [/home/vincent/workspace/zufang/app/views/compounds/admin_index.ctp, line 107]
2013-11-20 13:39:13 Notice: Notice (8): Undefined index: is_alone in [/home/vincent/workspace/zufang/app/views/compounds/admin_index.ctp, line 108]
2013-11-20 13:39:13 Notice: Notice (8): Undefined index: name_full in [/home/vincent/workspace/zufang/app/views/compounds/admin_index.ctp, line 104]
2013-11-20 13:41:13 Notice: Notice (8): Undefined index: District in [/home/vincent/workspace/zufang/app/views/compounds/admin_index.ctp, line 105]
2013-11-20 13:41:13 Notice: Notice (8): Undefined index: status in [/home/vincent/workspace/zufang/app/views/compounds/admin_index.ctp, line 107]
2013-11-20 13:41:13 Notice: Notice (8): Undefined index: is_alone in [/home/vincent/workspace/zufang/app/views/compounds/admin_index.ctp, line 108]
2013-11-20 13:41:13 Notice: Notice (8): Undefined index: name_full in [/home/vincent/workspace/zufang/app/views/compounds/admin_index.ctp, line 104]
2013-11-20 13:41:30 Notice: Notice (8): Undefined index: District in [/home/vincent/workspace/zufang/app/views/compounds/admin_index.ctp, line 105]
2013-11-20 13:41:30 Notice: Notice (8): Undefined index: status in [/home/vincent/workspace/zufang/app/views/compounds/admin_index.ctp, line 107]
2013-11-20 13:41:30 Notice: Notice (8): Undefined index: is_alone in [/home/vincent/workspace/zufang/app/views/compounds/admin_index.ctp, line 108]
2013-11-20 13:41:30 Notice: Notice (8): Undefined index: name_full in [/home/vincent/workspace/zufang/app/views/compounds/admin_index.ctp, line 104]
2013-11-20 13:42:13 Notice: Notice (8): Undefined index: name_full in [/home/vincent/workspace/zufang/app/views/compounds/admin_index.ctp, line 104]
2013-11-20 13:42:13 Notice: Notice (8): Undefined index: name in [/home/vincent/workspace/zufang/app/views/compounds/admin_index.ctp, line 105]
2013-11-20 13:42:13 Notice: Notice (8): Undefined index: status in [/home/vincent/workspace/zufang/app/views/compounds/admin_index.ctp, line 107]
2013-11-20 13:42:13 Notice: Notice (8): Undefined index: is_alone in [/home/vincent/workspace/zufang/app/views/compounds/admin_index.ctp, line 108]
2013-11-20 13:42:48 Notice: Notice (8): Undefined index: District in [/home/vincent/workspace/zufang/app/views/compounds/admin_index.ctp, line 105]
2013-11-20 13:42:48 Notice: Notice (8): Undefined index: status in [/home/vincent/workspace/zufang/app/views/compounds/admin_index.ctp, line 107]
2013-11-20 13:42:48 Notice: Notice (8): Undefined index: is_alone in [/home/vincent/workspace/zufang/app/views/compounds/admin_index.ctp, line 108]
2013-11-20 13:42:48 Notice: Notice (8): Undefined index: name_full in [/home/vincent/workspace/zufang/app/views/compounds/admin_index.ctp, line 104]
2013-11-20 13:43:06 Notice: Notice (8): Undefined index: name_full in [/home/vincent/workspace/zufang/app/views/compounds/admin_index.ctp, line 104]
2013-11-20 13:43:06 Notice: Notice (8): Undefined index: name in [/home/vincent/workspace/zufang/app/views/compounds/admin_index.ctp, line 105]
2013-11-20 13:43:06 Notice: Notice (8): Undefined index: status in [/home/vincent/workspace/zufang/app/views/compounds/admin_index.ctp, line 107]
2013-11-20 13:43:06 Notice: Notice (8): Undefined index: is_alone in [/home/vincent/workspace/zufang/app/views/compounds/admin_index.ctp, line 108]
2013-11-20 13:43:25 Notice: Notice (8): Undefined index: name_full in [/home/vincent/workspace/zufang/app/views/compounds/admin_index.ctp, line 104]
2013-11-20 13:43:25 Notice: Notice (8): Undefined index: name in [/home/vincent/workspace/zufang/app/views/compounds/admin_index.ctp, line 105]
2013-11-20 13:43:25 Notice: Notice (8): Undefined index: status in [/home/vincent/workspace/zufang/app/views/compounds/admin_index.ctp, line 107]
2013-11-20 13:43:25 Notice: Notice (8): Undefined index: is_alone in [/home/vincent/workspace/zufang/app/views/compounds/admin_index.ctp, line 108]
2013-11-20 13:43:50 Notice: Notice (8): Undefined index: name_full in [/home/vincent/workspace/zufang/app/views/compounds/admin_index.ctp, line 104]
2013-11-20 13:43:50 Notice: Notice (8): Undefined index: name in [/home/vincent/workspace/zufang/app/views/compounds/admin_index.ctp, line 105]
2013-11-20 13:43:50 Notice: Notice (8): Undefined index: status in [/home/vincent/workspace/zufang/app/views/compounds/admin_index.ctp, line 107]
2013-11-20 13:43:50 Notice: Notice (8): Undefined index: is_alone in [/home/vincent/workspace/zufang/app/views/compounds/admin_index.ctp, line 108]
2013-11-20 13:44:53 Notice: Notice (8): Undefined index: District in [/home/vincent/workspace/zufang/app/views/compounds/admin_index.ctp, line 105]
2013-11-20 13:44:53 Notice: Notice (8): Undefined index: status in [/home/vincent/workspace/zufang/app/views/compounds/admin_index.ctp, line 107]
2013-11-20 13:44:53 Notice: Notice (8): Undefined index: is_alone in [/home/vincent/workspace/zufang/app/views/compounds/admin_index.ctp, line 108]
2013-11-20 13:44:53 Notice: Notice (8): Undefined index: name_full in [/home/vincent/workspace/zufang/app/views/compounds/admin_index.ctp, line 104]
2013-11-20 13:45:33 Notice: Notice (8): Undefined index: name_full in [/home/vincent/workspace/zufang/app/views/compounds/admin_index.ctp, line 104]
2013-11-20 13:45:33 Notice: Notice (8): Undefined index: name in [/home/vincent/workspace/zufang/app/views/compounds/admin_index.ctp, line 105]
2013-11-20 13:45:33 Notice: Notice (8): Undefined index: status in [/home/vincent/workspace/zufang/app/views/compounds/admin_index.ctp, line 107]
2013-11-20 13:45:33 Notice: Notice (8): Undefined index: is_alone in [/home/vincent/workspace/zufang/app/views/compounds/admin_index.ctp, line 108]
2013-11-20 14:00:03 Notice: Notice (8): Undefined index: name in [/home/vincent/workspace/zufang/app/views/compounds/index.ctp, line 122]
2013-11-20 14:25:04 Notice: Notice (8): Undefined variable: old_filter in [/home/vincent/workspace/zufang/app/views/properties/admin_index.ctp, line 9]
2013-11-20 14:25:04 Notice: Notice (8): Undefined variable: old_filter in [/home/vincent/workspace/zufang/app/views/properties/admin_index.ctp, line 10]
2013-11-20 14:25:04 Notice: Notice (8): Undefined variable: old_filter in [/home/vincent/workspace/zufang/app/views/properties/admin_index.ctp, line 11]
2013-11-20 14:25:04 Notice: Notice (8): Undefined variable: old_filter in [/home/vincent/workspace/zufang/app/views/properties/admin_index.ctp, line 27]
2013-11-20 14:25:04 Notice: Notice (8): Undefined variable: old_filter in [/home/vincent/workspace/zufang/app/views/properties/admin_index.ctp, line 30]
2013-11-20 14:25:04 Notice: Notice (8): Undefined variable: old_filter in [/home/vincent/workspace/zufang/app/views/properties/admin_index.ctp, line 33]
2013-11-20 14:25:04 Notice: Notice (8): Undefined variable: old_filter in [/home/vincent/workspace/zufang/app/views/properties/admin_index.ctp, line 42]
2013-11-20 14:25:04 Notice: Notice (8): Undefined variable: areas in [/home/vincent/workspace/zufang/app/views/properties/admin_index.ctp, line 44]
2013-11-20 14:25:04 Notice: Notice (8): Undefined variable: old_filter in [/home/vincent/workspace/zufang/app/views/properties/admin_index.ctp, line 57]
2013-11-20 14:25:04 Notice: Notice (8): Undefined variable: old_filter in [/home/vincent/workspace/zufang/app/views/properties/admin_index.ctp, line 60]
2013-11-20 14:25:04 Notice: Notice (8): Undefined variable: old_filter in [/home/vincent/workspace/zufang/app/views/properties/admin_index.ctp, line 63]
2013-11-20 14:26:59 Notice: Notice (8): Undefined index: Compound in [/home/vincent/workspace/zufang/app/views/properties/admin_index.ctp, line 100]
2013-11-20 14:27:29 Notice: Notice (8): Undefined index: Compound in [/home/vincent/workspace/zufang/app/views/properties/admin_index.ctp, line 100]
2013-11-20 14:27:51 Notice: Notice (8): Undefined index: Compound in [/home/vincent/workspace/zufang/app/views/properties/admin_index.ctp, line 100]
2013-11-24 21:05:28 Notice: Notice (8): Undefined index: name in [/home/vincent/workspace/zufang/app/views/compounds/index.ctp, line 122]
2013-11-24 21:05:53 Notice: Notice (8): Undefined index: name in [/home/vincent/workspace/zufang/app/views/compounds/index.ctp, line 122]
2013-11-24 21:07:14 Notice: Notice (8): Undefined index: name in [/home/vincent/workspace/zufang/app/views/compounds/index.ctp, line 122]
2013-11-24 21:09:11 Notice: Notice (8): Undefined index: name in [/home/vincent/workspace/zufang/app/views/compounds/index.ctp, line 122]
2013-11-24 21:09:12 Notice: Notice (8): Undefined index: name in [/home/vincent/workspace/zufang/app/views/compounds/index.ctp, line 122]
2013-11-24 21:10:00 Notice: Notice (8): Undefined index: name in [/home/vincent/workspace/zufang/app/views/compounds/index.ctp, line 122]
2013-11-24 21:10:02 Notice: Notice (8): Undefined index: name in [/home/vincent/workspace/zufang/app/views/compounds/index.ctp, line 122]
2013-11-24 21:11:10 Notice: Notice (8): Undefined index: name in [/home/vincent/workspace/zufang/app/views/compounds/index.ctp, line 122]
2013-11-24 21:11:33 Notice: Notice (8): Undefined index: Compound in [/home/vincent/workspace/zufang/app/controllers/compounds_controller.php, line 55]
2013-11-24 21:11:33 Notice: Notice (8): Undefined index: name in [/home/vincent/workspace/zufang/app/views/compounds/index.ctp, line 122]
2013-11-24 21:11:41 Notice: Notice (8): Undefined index: name in [/home/vincent/workspace/zufang/app/views/compounds/index.ctp, line 122]
2013-11-24 21:18:49 Notice: Notice (8): Undefined index: Area in [/home/vincent/workspace/zufang/app/views/compounds/view.ctp, line 15]
2013-11-24 21:19:18 Notice: Notice (8): Undefined index: Area in [/home/vincent/workspace/zufang/app/views/compounds/view.ctp, line 15]
2013-11-24 21:19:21 Notice: Notice (8): Undefined index: Area in [/home/vincent/workspace/zufang/app/views/compounds/view.ctp, line 15]
2013-11-24 21:20:48 Notice: Notice (8): Undefined index: Area in [/home/vincent/workspace/zufang/app/views/compounds/view.ctp, line 15]
2013-11-24 21:21:19 Notice: Notice (8): Undefined index: Area in [/home/vincent/workspace/zufang/app/views/compounds/view.ctp, line 15]
2013-11-24 21:26:08 Notice: Notice (8): Undefined variable: relative_properties in [/home/vincent/workspace/zufang/app/views/compounds/view.ctp, line 32]
2013-11-24 21:26:15 Notice: Notice (8): Undefined variable: relative_properties in [/home/vincent/workspace/zufang/app/views/compounds/view.ctp, line 32]
2016-03-22 17:41:25 Notice: Notice (8): Undefined variable: title in [/home/vincent/workspace/topnews/app/app_controller.php, line 71]
2016-03-22 17:41:25 Notice: Notice (8): Undefined variable: title in [/home/vincent/workspace/topnews/app/app_controller.php, line 71]
2016-03-22 17:59:47 Notice: Notice (8): Undefined variable: category in [/home/vincent/workspace/topnews/app/controllers/articles_controller.php, line 16]
2016-03-22 18:00:47 Notice: Notice (8): Undefined variable: category in [/home/vincent/workspace/topnews/app/controllers/articles_controller.php, line 16]
2016-03-22 18:00:48 Notice: Notice (8): Undefined variable: category in [/home/vincent/workspace/topnews/app/controllers/articles_controller.php, line 16]
2016-03-22 18:00:48 Notice: Notice (8): Undefined variable: category in [/home/vincent/workspace/topnews/app/controllers/articles_controller.php, line 16]
2016-03-22 18:01:12 Notice: Notice (8): Undefined property: ArticlesController::$category in [/home/vincent/workspace/topnews/app/controllers/articles_controller.php, line 16]
2016-03-22 18:01:12 Notice: Notice (8): Undefined variable: category in [/home/vincent/workspace/topnews/app/controllers/articles_controller.php, line 16]
2016-03-22 18:01:32 Notice: Notice (8): Undefined variable: category in [/home/vincent/workspace/topnews/app/controllers/articles_controller.php, line 16]
2016-03-22 21:31:30 Notice: Notice (8): Undefined variable: articles in [/home/vincent/workspace/topnews/app/views/layouts/default.ctp, line 132]
2016-03-22 22:44:23 Notice: Notice (8): Undefined variable: articles in [/home/vincent/workspace/topnews/app/views/layouts/default.ctp, line 132]
2016-03-22 22:55:04 Notice: Notice (8): Undefined variable: articles in [/home/vincent/workspace/topnews/app/views/layouts/default.ctp, line 132]
2016-03-22 22:55:05 Notice: Notice (8): Undefined variable: articles in [/home/vincent/workspace/topnews/app/views/layouts/default.ctp, line 132]
2016-03-22 22:55:06 Notice: Notice (8): Undefined variable: articles in [/home/vincent/workspace/topnews/app/views/layouts/default.ctp, line 132]
2016-03-22 22:55:06 Notice: Notice (8): Undefined variable: articles in [/home/vincent/workspace/topnews/app/views/layouts/default.ctp, line 132]
2016-03-23 00:05:55 Notice: Notice (8): Undefined variable: conditions in [/home/vincent/workspace/topnews/app/controllers/articles_controller.php, line 47]
